<?xml version="1.0" encoding="UTF-8"?>
<!-- Generated by org.testng.reporters.JUnitReportReporter -->
<testsuite skipped="0" hostname="I31721" name="sampleTests.TestCases" tests="6" failures="0" timestamp="2020-04-05T19:34:23 IST" time="45.137" errors="0">
  <testcase name="signUp" time="10.254" classname="sampleTests.TestCases"/>
  <testcase name="signOut" time="3.351" classname="sampleTests.TestCases"/>
  <testcase name="signIn" time="5.329" classname="sampleTests.TestCases"/>
  <testcase name="selectProduct" time="9.133" classname="sampleTests.TestCases"/>
  <testcase name="checkoutandPaymentProcess" time="13.786" classname="sampleTests.TestCases"/>
  <testcase name="checkamountoforder_OrderHistory" time="3.284" classname="sampleTests.TestCases"/>
</testsuite> <!-- sampleTests.TestCases -->
